[debug] [2021-05-11T11:09:14.081Z] ----------------------------------------------------------------------
[debug] [2021-05-11T11:09:14.083Z] Command:       C:\Program Files\nodejs\node.exe C:\Users\yosman\AppData\Roaming\npm\node_modules\firebase-tools\lib\bin\firebase.js init
[debug] [2021-05-11T11:09:14.084Z] CLI Version:   9.10.2
[debug] [2021-05-11T11:09:14.084Z] Platform:      win32
[debug] [2021-05-11T11:09:14.084Z] Node Version:  v16.1.0
[debug] [2021-05-11T11:09:14.089Z] Time:          Tue May 11 2021 13:09:14 GMT+0200 (heure d’été d’Europe centrale)
[debug] [2021-05-11T11:09:14.090Z] ----------------------------------------------------------------------
[debug] 
[debug] [2021-05-11T11:09:14.109Z] > command requires scopes: ["email","openid","https://www.googleapis.com/auth/cloudplatformprojects.readonly","https://www.googleapis.com/auth/firebase","https://www.googleapis.com/auth/cloud-platform"]
[debug] [2021-05-11T11:09:14.109Z] > authorizing via signed-in user (younes14000@hotmail.com)
[info] 
     ######## #### ########  ######## ########     ###     ######  ########
     ##        ##  ##     ## ##       ##     ##  ##   ##  ##       ##
     ######    ##  ########  ######   ########  #########  ######  ######
     ##        ##  ##    ##  ##       ##     ## ##     ##       ## ##
     ##       #### ##     ## ######## ########  ##     ##  ######  ########

You're about to initialize a Firebase project in this directory:

  C:\Users\yosman\younes-osman-portfolio

[info] 
=== Project Setup
[info] 
[info] First, let's associate this project directory with a Firebase project.
[info] You can create multiple project aliases by running firebase use --add, 
[info] but for now we'll just set up a default project.
[info] 
[debug] [2021-05-11T11:09:43.661Z] > refreshing access token with scopes: []
[debug] [2021-05-11T11:09:43.662Z] >>> HTTP REQUEST POST https://www.googleapis.com/oauth2/v3/token  
 <request body omitted>
[debug] [2021-05-11T11:09:44.316Z] <<< HTTP RESPONSE 200 {"cache-control":"no-cache, no-store, max-age=0, must-revalidate","date":"Tue, 11 May 2021 11:09:44 GMT","expires":"Mon, 01 Jan 1990 00:00:00 GMT","pragma":"no-cache","content-type":"application/json; charset=utf-8","vary":"X-Origin, Referer, Origin,Accept-Encoding","server":"scaffolding on HTTPServer2","x-xss-protection":"0","x-frame-options":"SAMEORIGIN","x-content-type-options":"nosniff","alt-svc":"h3-29=\":443\"; ma=2592000,h3-T051=\":443\"; ma=2592000,h3-Q050=\":443\"; ma=2592000,h3-Q046=\":443\"; ma=2592000,h3-Q043=\":443\"; ma=2592000,quic=\":443\"; ma=2592000; v=\"46,43\"","accept-ranges":"none","transfer-encoding":"chunked"}
[debug] [2021-05-11T11:09:44.343Z] >>> [apiv2][query] GET https://firebase.googleapis.com/v1beta1/projects pageSize=100
[debug] [2021-05-11T11:09:44.957Z] <<< [apiv2][status] GET https://firebase.googleapis.com/v1beta1/projects 200
[debug] [2021-05-11T11:09:44.957Z] <<< [apiv2][body] GET https://firebase.googleapis.com/v1beta1/projects [omitted]
[info] i  Using project younes-osman-portfolio (younes-osman-portfolio) 
[info] 
=== Hosting Setup
[info] 
[info] Your public directory is the folder (relative to your project directory) that
[info] will contain Hosting assets to be uploaded with firebase deploy. If you
[info] have a build process for your assets, use your build's output directory.
[info] 
[debug] [2021-05-11T11:10:03.531Z] >>> [apiv2][query] GET https://www.gstatic.com/firebasejs/releases.json [none]
[debug] [2021-05-11T11:10:03.717Z] <<< [apiv2][status] GET https://www.gstatic.com/firebasejs/releases.json 200
[debug] [2021-05-11T11:10:03.718Z] <<< [apiv2][body] GET https://www.gstatic.com/firebasejs/releases.json {"current":{"version":"8.5.0","browserURL":"https://www.gstatic.com/firebasejs/8.5.0/firebase.js","packageURL":"https://www.gstatic.com/firebasejs/8.5.0/firebase.tgz"},"live":{"version":"8.5","browserURL":"https://www.gstatic.com/firebasejs/live/8.5/firebase.js","packageURL":"https://www.gstatic.com/firebasejs/live/8.5/firebase.tgz"},"components":{"analytics":"https://www.gstatic.com/firebasejs/8.5.0/firebase-analytics.js","app":"https://www.gstatic.com/firebasejs/8.5.0/firebase-app.js","auth":"https://www.gstatic.com/firebasejs/8.5.0/firebase-auth.js","database":"https://www.gstatic.com/firebasejs/8.5.0/firebase-database.js","firestore":"https://www.gstatic.com/firebasejs/8.5.0/firebase-firestore.js","functions":"https://www.gstatic.com/firebasejs/8.5.0/firebase-functions.js","installations":"https://www.gstatic.com/firebasejs/8.5.0/firebase-installations.js","messaging":"https://www.gstatic.com/firebasejs/8.5.0/firebase-messaging.js","storage":"https://www.gstatic.com/firebasejs/8.5.0/firebase-storage.js","performance":"https://www.gstatic.com/firebasejs/8.5.0/firebase-performance.js","remote-config":"https://www.gstatic.com/firebasejs/8.5.0/firebase-remote-config.js","firestore.memory":"https://www.gstatic.com/firebasejs/8.5.0/firebase-firestore.memory.js"}}
[info] +  Wrote public/index.html 
[info] 
[info] i  Didn't detect a .git folder. Assuming C:\Users\yosman\younes-osman-portfolio is the project root. 
[info] i  Authorizing with GitHub to upload your service account to a GitHub repository's secrets store. 
[info] 
[info] Visit this URL on this device to log in:
[info] https://github.com/login/oauth/authorize?client_id=89cf50f02ac6aaed3484&state=429704435&redirect_uri=http%3A%2F%2Flocalhost%3A9005&scope=read%3Auser%20repo%20public_repo
[info] 
[info] Waiting for authentication...
[debug] [2021-05-11T11:10:28.044Z] >>> HTTP REQUEST POST https://github.com/login/oauth/access_token  
 {"client_id":"89cf50f02ac6aaed3484","client_secret":"3330d14abc895d9a74d5f17cd7a00711fa2c5bf0","code":"d3be4a19cf12e5a86eb7","redirect_uri":"http://localhost:9005","state":"429704435"}
[debug] [2021-05-11T11:10:28.406Z] <<< HTTP RESPONSE 200 {"server":"GitHub.com","date":"Tue, 11 May 2021 11:10:28 GMT","content-type":"application/json; charset=utf-8","transfer-encoding":"chunked","vary":"X-PJAX, Accept-Encoding, Accept, X-Requested-With","permissions-policy":"interest-cohort=()","etag":"W/\"6b5c605afda1d8f73543ea562bb94c74\"","cache-control":"max-age=0, private, must-revalidate","strict-transport-security":"max-age=31536000; includeSubdomains; preload","x-frame-options":"deny","x-content-type-options":"nosniff","x-xss-protection":"0","referrer-policy":"origin-when-cross-origin, strict-origin-when-cross-origin","expect-ct":"max-age=2592000, report-uri=\"https://api.github.com/_private/browser/errors\"","content-security-policy":"default-src 'none'; base-uri 'self'; block-all-mixed-content; connect-src 'self' uploads.github.com www.githubstatus.com collector.githubapp.com api.github.com github-cloud.s3.amazonaws.com github-production-repository-file-5c1aeb.s3.amazonaws.com github-production-upload-manifest-file-7fdce7.s3.amazonaws.com github-production-user-asset-6210df.s3.amazonaws.com cdn.optimizely.com logx.optimizely.com/v1/events wss://alive.github.com; font-src github.githubassets.com; form-action 'self' github.com gist.github.com; frame-ancestors 'none'; frame-src render.githubusercontent.com; img-src 'self' data: github.githubassets.com identicons.github.com collector.githubapp.com github-cloud.s3.amazonaws.com secured-user-images.githubusercontent.com/ *.githubusercontent.com; manifest-src 'self'; media-src 'none'; script-src github.githubassets.com; style-src 'unsafe-inline' github.githubassets.com; worker-src github.com/socket-worker-3f088aa2.js gist.github.com/socket-worker-3f088aa2.js","x-github-request-id":"F3A5:F341:42DA80:46A32C:609A6624"}
[debug] [2021-05-11T11:10:28.436Z] >>> [apiv2][query] GET https://api.github.com/user [none]
[debug] [2021-05-11T11:10:29.399Z] <<< [apiv2][status] GET https://api.github.com/user 200
[debug] [2021-05-11T11:10:29.399Z] <<< [apiv2][body] GET https://api.github.com/user {"login":"enigagneur","id":65903953,"node_id":"MDQ6VXNlcjY1OTAzOTUz","avatar_url":"https://avatars.githubusercontent.com/u/65903953?v=4","gravatar_id":"","url":"https://api.github.com/users/enigagneur","html_url":"https://github.com/enigagneur","followers_url":"https://api.github.com/users/enigagneur/followers","following_url":"https://api.github.com/users/enigagneur/following{/other_user}","gists_url":"https://api.github.com/users/enigagneur/gists{/gist_id}","starred_url":"https://api.github.com/users/enigagneur/starred{/owner}{/repo}","subscriptions_url":"https://api.github.com/users/enigagneur/subscriptions","organizations_url":"https://api.github.com/users/enigagneur/orgs","repos_url":"https://api.github.com/users/enigagneur/repos","events_url":"https://api.github.com/users/enigagneur/events{/privacy}","received_events_url":"https://api.github.com/users/enigagneur/received_events","type":"User","site_admin":false,"name":"Younes Osman","company":null,"blog":"","location":"Toulouse ","email":null,"hireable":null,"bio":"I am a software developer who is excited about cloud. I enjoy building web applications and cloud architectures for fun !","twitter_username":"OsmanYounes","public_repos":5,"public_gists":0,"followers":0,"following":0,"created_at":"2020-05-25T12:51:59Z","updated_at":"2021-05-09T10:54:41Z","private_gists":0,"total_private_repos":1,"owned_private_repos":1,"disk_usage":153,"collaborators":0,"two_factor_authentication":false,"plan":{"name":"free","space":976562499,"collaborators":0,"private_repos":10000}}
[info] 
[info] +  Success! Logged into GitHub as enigagneur 
[info] 
